Build started 7/30/2016 10:04:21 AM.
     1>Project "D:\Snake-C-\Learning\Learning\Learning.vcxproj" on node 2 (build target(s)).
     1>InitializeBuildStatus:
         Creating "Release\Learning.unsuccessfulbuild" because "AlwaysCreate" was specified.
       ClCompile:
         D:\Visual C++ 2010 Express\VC\bin\CL.exe /c /Zi /nologo /W3 /WX- /O2 /Oi /Oy- /GL /D WIN32 /D NDEBUG /D _CONSOLE /D _UNICODE /D UNICODE /Gm- /EHsc /MD /GS /Gy /fp:precise /Zc:wchar_t /Zc:forScope /Fo"Release\\" /Fd"Release\vc100.pdb" /Gd /TP /analyze- /errorReport:prompt Intro.cpp
         Intro.cpp
     1>Intro.cpp(19): warning C4996: 'kbhit': The POSIX name for this item is deprecated. Instead, use the ISO C++ conformant name: _kbhit. See online help for details.
                 D:\Visual C++ 2010 Express\VC\include\conio.h(130) : see declaration of 'kbhit'
     1>Intro.cpp(38): warning C4996: 'kbhit': The POSIX name for this item is deprecated. Instead, use the ISO C++ conformant name: _kbhit. See online help for details.
                 D:\Visual C++ 2010 Express\VC\include\conio.h(130) : see declaration of 'kbhit'
       Link:
         D:\Visual C++ 2010 Express\VC\bin\link.exe /ERRORREPORT:PROMPT /OUT:"D:\Snake-C-\Learning\Release\Learning.exe" /INCREMENTAL:NO /NOLOGO kernel32.lib user32.lib gdi32.lib winspool.lib comdlg32.lib advapi32.lib shell32.lib ole32.lib oleaut32.lib uuid.lib odbc32.lib odbccp32.lib /MANIFEST /ManifestFile:"Release\Learning.exe.intermediate.manifest" /MANIFESTUAC:"level='asInvoker' uiAccess='false'" /DEBUG /PDB:"D:\Snake-C-\Learning\Release\Learning.pdb" /SUBSYSTEM:CONSOLE /OPT:REF /OPT:ICF /LTCG /TLBID:1 /DYNAMICBASE /NXCOMPAT /IMPLIB:"D:\Snake-C-\Learning\Release\Learning.lib" /MACHINE:X86 Release\console.obj
         Release\Intro.obj
         Release\Learing.obj
         Release\PlayerScript.obj
         Generating code
         Finished generating code
         Learning.vcxproj -> D:\Snake-C-\Learning\Release\Learning.exe
       Manifest:
         C:\Program Files (x86)\Microsoft SDKs\Windows\v7.0A\bin\mt.exe /nologo /verbose /outputresource:"D:\Snake-C-\Learning\Release\Learning.exe;#1" /manifest Release\Learning.exe.intermediate.manifest
       FinalizeBuildStatus:
         Deleting file "Release\Learning.unsuccessfulbuild".
         Touching "Release\Learning.lastbuildstate".
     1>Done Building Project "D:\Snake-C-\Learning\Learning\Learning.vcxproj" (build target(s)).

Build succeeded.

Time Elapsed 00:00:00.98
